<?xml version="1.0" encoding="UTF-8"?>
<testsuite name="com.example.kingdoms.resources.ResourceSmokeTest" tests="2" skipped="0" failures="0" errors="0" timestamp="2026-05-28T05:03:19" hostname="Alis-MacBook-Air.local" time="0.024">
  <properties/>
  <testcase name="allJsonResourcesParse()" classname="com.example.kingdoms.resources.ResourceSmokeTest" time="0.023"/>
  <testcase name="coreDatapackResourcesExist()" classname="com.example.kingdoms.resources.ResourceSmokeTest" time="0.001"/>
  <system-out><![CDATA[]]></system-out>
  <system-err><![CDATA[]]></system-err>
</testsuite>
