<?xml version="1.0" encoding="UTF-8"?>
<testsuite name="com.example.kingdoms.db.PersistenceSmokeTest" tests="1" skipped="0" failures="0" errors="0" timestamp="2026-05-28T05:03:19" hostname="Alis-MacBook-Air.local" time="0.562">
  <properties/>
  <testcase name="opensSchemaAndExercisesRepositories()" classname="com.example.kingdoms.db.PersistenceSmokeTest" time="0.562"/>
  <system-out><![CDATA[[08:03:19] [Test worker/INFO]: Database opened at /var/folders/6d/sdhwsk5n4xl138k7pbjwsh1h0000gn/T/junit2923081086123862290/kingdoms.db
]]></system-out>
  <system-err><![CDATA[]]></system-err>
</testsuite>
